<?xml version="1.0" encoding="UTF-8"?>
<testng-results ignored="14" total="22" passed="7" failed="1" skipped="0">
  <reporter-output>
    <line>
      <![CDATA[ Report config ]]>
    </line>
    <line>
      <![CDATA[=== Connect to DB and Report Config ===]]>
    </line>
    <line>
      <![CDATA[= login =]]>
    </line>
    <line>
      <![CDATA[= logout =]]>
    </line>
    <line>
      <![CDATA[=== Close Browser ===]]>
    </line>
    <line>
      <![CDATA[= login =]]>
    </line>
    <line>
      <![CDATA[= logout =]]>
    </line>
    <line>
      <![CDATA[=== Close Browser ===]]>
    </line>
    <line>
      <![CDATA[= login =]]>
    </line>
    <line>
      <![CDATA[= logout =]]>
    </line>
    <line>
      <![CDATA[= login =]]>
    </line>
    <line>
      <![CDATA[= logout =]]>
    </line>
    <line>
      <![CDATA[=== Close Browser ===]]>
    </line>
    <line>
      <![CDATA[= login =]]>
    </line>
    <line>
      <![CDATA[= logout =]]>
    </line>
    <line>
      <![CDATA[=== Close Browser ===]]>
    </line>
    <line>
      <![CDATA[= login =]]>
    </line>
    <line>
      <![CDATA[= logout =]]>
    </line>
    <line>
      <![CDATA[=== Close Browser ===]]>
    </line>
    <line>
      <![CDATA[= login =]]>
    </line>
    <line>
      <![CDATA[= logout =]]>
    </line>
    <line>
      <![CDATA[=== Close Browser ===]]>
    </line>
    <line>
      <![CDATA[= login =]]>
    </line>
    <line>
      <![CDATA[= logout =]]>
    </line>
    <line>
      <![CDATA[=== Close Browser ===]]>
    </line>
    <line>
      <![CDATA[=== Close DB Connection and Report BackUp ===]]>
    </line>
  </reporter-output>
  <suite started-at="2024-09-23T15:32:52 IST" name="Suite" finished-at="2024-09-23T15:34:49 IST" duration-ms="116656">
    <groups>
      <group name="regressionTest">
        <method signature="CreateProposalAndRejectTest.createProposalAndReject()[pri:0, instance:com.pabb.staarcms.commercetest.CreateProposalAndRejectTest@470734c3]" name="createProposalAndReject" class="com.pabb.staarcms.commercetest.CreateProposalAndRejectTest"/>
        <method signature="CreateSalesOrderAndValidateTest.createSalesOrderAndValidate()[pri:0, instance:com.pabb.staarcms.commercetest.CreateSalesOrderAndValidateTest@74ea2410]" name="createSalesOrderAndValidate" class="com.pabb.staarcms.commercetest.CreateSalesOrderAndValidateTest"/>
        <method signature="VerifyListOfProposalsTest.verifyListOfProposalsInTheDraftStageTest()[pri:0, instance:com.pabb.staarcms.commercetest.VerifyListOfProposalsTest@25ce9dc4]" name="verifyListOfProposalsInTheDraftStageTest" class="com.pabb.staarcms.commercetest.VerifyListOfProposalsTest"/>
        <method signature="CreateShipmentAndModifyTest.createShipmentAndModifyTest()[pri:0, instance:com.pabb.staarcms.servicestest.CreateShipmentAndModifyTest@2cf3d63b]" name="createShipmentAndModifyTest" class="com.pabb.staarcms.servicestest.CreateShipmentAndModifyTest"/>
        <method signature="CreateThirdPartyAsCustomerSmokeTest.createThirdPartyWithMandatoryFieldsTest()[pri:0, instance:com.pabb.staarcms.thirdpartytest.CreateThirdPartyAsCustomerSmokeTest@7674f035]" name="createThirdPartyWithMandatoryFieldsTest" class="com.pabb.staarcms.thirdpartytest.CreateThirdPartyAsCustomerSmokeTest"/>
        <method signature="ListOfThirdPartiesTest.listOfAllThirdPartiesSmokeTest()[pri:0, instance:com.pabb.staarcms.thirdpartytest.ListOfThirdPartiesTest@173ed316]" name="listOfAllThirdPartiesSmokeTest" class="com.pabb.staarcms.thirdpartytest.ListOfThirdPartiesTest"/>
        <method signature="ModifyThirdPartyTest.modifyThirdPartyTest()[pri:0, instance:com.pabb.staarcms.thirdpartytest.ModifyThirdPartyTest@1530c739]" name="modifyThirdPartyTest" class="com.pabb.staarcms.thirdpartytest.ModifyThirdPartyTest"/>
        <method signature="VerifyThirdPartyInListTest.verifyThirdPartyTest()[pri:0, instance:com.pabb.staarcms.thirdpartytest.VerifyThirdPartyInListTest@69e153c5]" name="verifyThirdPartyTest" class="com.pabb.staarcms.thirdpartytest.VerifyThirdPartyInListTest"/>
      </group> <!-- regressionTest -->
      <group name="smokeTest">
        <method signature="CreateThirdPartyAsCustomerSmokeTest.createThirdPartyWithMandatoryFieldsTest()[pri:0, instance:com.pabb.staarcms.thirdpartytest.CreateThirdPartyAsCustomerSmokeTest@7674f035]" name="createThirdPartyWithMandatoryFieldsTest" class="com.pabb.staarcms.thirdpartytest.CreateThirdPartyAsCustomerSmokeTest"/>
        <method signature="ListOfThirdPartiesTest.listOfAllThirdPartiesSmokeTest()[pri:0, instance:com.pabb.staarcms.thirdpartytest.ListOfThirdPartiesTest@173ed316]" name="listOfAllThirdPartiesSmokeTest" class="com.pabb.staarcms.thirdpartytest.ListOfThirdPartiesTest"/>
      </group> <!-- smokeTest -->
    </groups>
    <test started-at="2024-09-23T15:32:52 IST" name="Test" finished-at="2024-09-23T15:34:49 IST" duration-ms="116656">
      <class name="com.pabb.staarcms.commercetest.VerifyListOfProposalsTest">
        <test-method is-config="true" signature="beforeClass()[pri:0, instance:com.pabb.staarcms.commercetest.VerifyListOfProposalsTest@25ce9dc4]" started-at="2024-09-23T15:34:21 IST" name="beforeClass" finished-at="2024-09-23T15:34:24 IST" duration-ms="3199" status="PASS">
          <reporter-output>
          </reporter-output>
        </test-method> <!-- beforeClass -->
        <test-method is-config="true" signature="beforeMethod()[pri:0, instance:com.pabb.staarcms.commercetest.VerifyListOfProposalsTest@25ce9dc4]" started-at="2024-09-23T15:34:24 IST" name="beforeMethod" finished-at="2024-09-23T15:34:26 IST" duration-ms="1183" status="PASS">
          <reporter-output>
            <line>
              <![CDATA[= login =]]>
            </line>
          </reporter-output>
        </test-method> <!-- beforeMethod -->
        <test-method signature="verifyListOfProposalsInTheDraftStageTest()[pri:0, instance:com.pabb.staarcms.commercetest.VerifyListOfProposalsTest@25ce9dc4]" started-at="2024-09-23T15:34:26 IST" name="verifyListOfProposalsInTheDraftStageTest" finished-at="2024-09-23T15:34:31 IST" duration-ms="5379" status="PASS">
          <reporter-output>
          </reporter-output>
        </test-method> <!-- verifyListOfProposalsInTheDraftStageTest -->
        <test-method is-config="true" signature="afterMethod()[pri:0, instance:com.pabb.staarcms.commercetest.VerifyListOfProposalsTest@25ce9dc4]" started-at="2024-09-23T15:34:31 IST" name="afterMethod" finished-at="2024-09-23T15:34:31 IST" duration-ms="484" status="PASS">
          <reporter-output>
            <line>
              <![CDATA[= logout =]]>
            </line>
          </reporter-output>
        </test-method> <!-- afterMethod -->
        <test-method is-config="true" signature="afterClass()[pri:0, instance:com.pabb.staarcms.commercetest.VerifyListOfProposalsTest@25ce9dc4]" started-at="2024-09-23T15:34:31 IST" name="afterClass" finished-at="2024-09-23T15:34:32 IST" duration-ms="439" status="PASS">
          <reporter-output>
            <line>
              <![CDATA[=== Close Browser ===]]>
            </line>
          </reporter-output>
        </test-method> <!-- afterClass -->
      </class> <!-- com.pabb.staarcms.commercetest.VerifyListOfProposalsTest -->
      <class name="com.pabb.staarcms.thirdpartytest.VerifyThirdPartyInListTest">
        <test-method is-config="true" signature="beforeClass()[pri:0, instance:com.pabb.staarcms.thirdpartytest.VerifyThirdPartyInListTest@69e153c5]" started-at="2024-09-23T15:33:59 IST" name="beforeClass" finished-at="2024-09-23T15:34:05 IST" duration-ms="5422" status="PASS">
          <reporter-output>
          </reporter-output>
        </test-method> <!-- beforeClass -->
        <test-method is-config="true" signature="beforeMethod()[pri:0, instance:com.pabb.staarcms.thirdpartytest.VerifyThirdPartyInListTest@69e153c5]" started-at="2024-09-23T15:34:05 IST" name="beforeMethod" finished-at="2024-09-23T15:34:06 IST" duration-ms="1695" status="PASS">
          <reporter-output>
            <line>
              <![CDATA[= login =]]>
            </line>
          </reporter-output>
        </test-method> <!-- beforeMethod -->
        <test-method signature="verifyThirdPartyTest()[pri:0, instance:com.pabb.staarcms.thirdpartytest.VerifyThirdPartyInListTest@69e153c5]" started-at="2024-09-23T15:34:06 IST" name="verifyThirdPartyTest" finished-at="2024-09-23T15:34:11 IST" duration-ms="4307" status="PASS">
          <reporter-output>
          </reporter-output>
        </test-method> <!-- verifyThirdPartyTest -->
        <test-method is-config="true" signature="afterMethod()[pri:0, instance:com.pabb.staarcms.thirdpartytest.VerifyThirdPartyInListTest@69e153c5]" started-at="2024-09-23T15:34:11 IST" name="afterMethod" finished-at="2024-09-23T15:34:11 IST" duration-ms="547" status="PASS">
          <reporter-output>
            <line>
              <![CDATA[= logout =]]>
            </line>
          </reporter-output>
        </test-method> <!-- afterMethod -->
        <test-method is-config="true" signature="afterClass()[pri:0, instance:com.pabb.staarcms.thirdpartytest.VerifyThirdPartyInListTest@69e153c5]" started-at="2024-09-23T15:34:11 IST" name="afterClass" finished-at="2024-09-23T15:34:12 IST" duration-ms="472" status="PASS">
          <reporter-output>
            <line>
              <![CDATA[=== Close Browser ===]]>
            </line>
          </reporter-output>
        </test-method> <!-- afterClass -->
      </class> <!-- com.pabb.staarcms.thirdpartytest.VerifyThirdPartyInListTest -->
      <class name="com.pabb.staarcms.thirdpartytest.ListOfThirdPartiesTest">
        <test-method is-config="true" signature="beforeClass()[pri:0, instance:com.pabb.staarcms.thirdpartytest.ListOfThirdPartiesTest@173ed316]" started-at="2024-09-23T15:34:12 IST" name="beforeClass" finished-at="2024-09-23T15:34:14 IST" duration-ms="2317" status="PASS">
          <reporter-output>
          </reporter-output>
        </test-method> <!-- beforeClass -->
        <test-method is-config="true" signature="beforeMethod()[pri:0, instance:com.pabb.staarcms.thirdpartytest.ListOfThirdPartiesTest@173ed316]" started-at="2024-09-23T15:34:14 IST" name="beforeMethod" finished-at="2024-09-23T15:34:19 IST" duration-ms="4562" status="PASS">
          <reporter-output>
            <line>
              <![CDATA[= login =]]>
            </line>
          </reporter-output>
        </test-method> <!-- beforeMethod -->
        <test-method signature="listOfAllThirdPartiesSmokeTest()[pri:0, instance:com.pabb.staarcms.thirdpartytest.ListOfThirdPartiesTest@173ed316]" started-at="2024-09-23T15:34:19 IST" name="listOfAllThirdPartiesSmokeTest" finished-at="2024-09-23T15:34:20 IST" duration-ms="1606" status="PASS">
          <reporter-output>
          </reporter-output>
        </test-method> <!-- listOfAllThirdPartiesSmokeTest -->
        <test-method is-config="true" signature="afterMethod()[pri:0, instance:com.pabb.staarcms.thirdpartytest.ListOfThirdPartiesTest@173ed316]" started-at="2024-09-23T15:34:20 IST" name="afterMethod" finished-at="2024-09-23T15:34:21 IST" duration-ms="488" status="PASS">
          <reporter-output>
            <line>
              <![CDATA[= logout =]]>
            </line>
          </reporter-output>
        </test-method> <!-- afterMethod -->
        <test-method is-config="true" signature="afterClass()[pri:0, instance:com.pabb.staarcms.thirdpartytest.ListOfThirdPartiesTest@173ed316]" started-at="2024-09-23T15:34:21 IST" name="afterClass" finished-at="2024-09-23T15:34:21 IST" duration-ms="404" status="PASS">
          <reporter-output>
            <line>
              <![CDATA[=== Close Browser ===]]>
            </line>
          </reporter-output>
        </test-method> <!-- afterClass -->
      </class> <!-- com.pabb.staarcms.thirdpartytest.ListOfThirdPartiesTest -->
      <class name="com.pabb.staarcms.servicestest.CreateShipmentAndModifyTest">
        <test-method is-config="true" signature="beforeClass()[pri:0, instance:com.pabb.staarcms.servicestest.CreateShipmentAndModifyTest@2cf3d63b]" started-at="2024-09-23T15:33:21 IST" name="beforeClass" finished-at="2024-09-23T15:33:25 IST" duration-ms="3973" status="PASS">
          <reporter-output>
          </reporter-output>
        </test-method> <!-- beforeClass -->
        <test-method is-config="true" signature="beforeMethod()[pri:0, instance:com.pabb.staarcms.servicestest.CreateShipmentAndModifyTest@2cf3d63b]" started-at="2024-09-23T15:33:25 IST" name="beforeMethod" finished-at="2024-09-23T15:33:27 IST" duration-ms="1394" status="PASS">
          <reporter-output>
            <line>
              <![CDATA[= login =]]>
            </line>
          </reporter-output>
        </test-method> <!-- beforeMethod -->
        <test-method signature="createShipmentAndModifyTest()[pri:0, instance:com.pabb.staarcms.servicestest.CreateShipmentAndModifyTest@2cf3d63b]" started-at="2024-09-23T15:33:27 IST" name="createShipmentAndModifyTest" finished-at="2024-09-23T15:33:49 IST" duration-ms="22110" status="FAIL">
          <exception class="java.lang.AssertionError">
            <message>
              <![CDATA[expected [false] but found [true]]]>
            </message>
            <full-stacktrace>
              <![CDATA[java.lang.AssertionError: expected [false] but found [true]
at org.testng.Assert.fail(Assert.java:110)
at org.testng.Assert.failNotEquals(Assert.java:1577)
at org.testng.Assert.assertFalse(Assert.java:78)
at org.testng.Assert.assertFalse(Assert.java:88)
at com.pabb.staarcms.servicestest.CreateShipmentAndModifyTest.createShipmentAndModifyTest(CreateShipmentAndModifyTest.java:297)
at java.base/jdk.internal.reflect.NativeMethodAccessorImpl.invoke0(Native Method)
at java.base/jdk.internal.reflect.NativeMethodAccessorImpl.invoke(NativeMethodAccessorImpl.java:77)
at java.base/jdk.internal.reflect.DelegatingMethodAccessorImpl.invoke(DelegatingMethodAccessorImpl.java:43)
at java.base/java.lang.reflect.Method.invoke(Method.java:568)
at org.testng.internal.invokers.MethodInvocationHelper.invokeMethod(MethodInvocationHelper.java:139)
at org.testng.internal.invokers.TestInvoker.invokeMethod(TestInvoker.java:677)
at org.testng.internal.invokers.TestInvoker.invokeTestMethod(TestInvoker.java:221)
at org.testng.internal.invokers.MethodRunner.runInSequence(MethodRunner.java:50)
at org.testng.internal.invokers.TestInvoker$MethodInvocationAgent.invoke(TestInvoker.java:969)
at org.testng.internal.invokers.TestInvoker.invokeTestMethods(TestInvoker.java:194)
at org.testng.internal.invokers.TestMethodWorker.invokeTestMethods(TestMethodWorker.java:148)
at org.testng.internal.invokers.TestMethodWorker.run(TestMethodWorker.java:128)
at java.base/java.util.ArrayList.forEach(ArrayList.java:1511)
at org.testng.TestRunner.privateRun(TestRunner.java:829)
at org.testng.TestRunner.run(TestRunner.java:602)
at org.testng.SuiteRunner.runTest(SuiteRunner.java:437)
at org.testng.SuiteRunner.runSequentially(SuiteRunner.java:431)
at org.testng.SuiteRunner.privateRun(SuiteRunner.java:391)
at org.testng.SuiteRunner.run(SuiteRunner.java:330)
at org.testng.SuiteRunnerWorker.runSuite(SuiteRunnerWorker.java:52)
at org.testng.SuiteRunnerWorker.run(SuiteRunnerWorker.java:95)
at org.testng.TestNG.runSuitesSequentially(TestNG.java:1256)
at org.testng.TestNG.runSuitesLocally(TestNG.java:1176)
at org.testng.TestNG.runSuites(TestNG.java:1099)
at org.testng.TestNG.run(TestNG.java:1067)
at org.testng.remote.AbstractRemoteTestNG.run(AbstractRemoteTestNG.java:115)
at org.testng.remote.RemoteTestNG.initAndRun(RemoteTestNG.java:293)
at org.testng.remote.RemoteTestNG.main(RemoteTestNG.java:91)
]]>
            </full-stacktrace>
          </exception> <!-- java.lang.AssertionError -->
          <reporter-output>
          </reporter-output>
        </test-method> <!-- createShipmentAndModifyTest -->
        <test-method is-config="true" signature="afterMethod()[pri:0, instance:com.pabb.staarcms.servicestest.CreateShipmentAndModifyTest@2cf3d63b]" started-at="2024-09-23T15:33:49 IST" name="afterMethod" finished-at="2024-09-23T15:33:50 IST" duration-ms="1170" status="FAIL">
          <exception class="org.openqa.selenium.ElementClickInterceptedException">
            <message>
              <![CDATA[element click intercepted: Element <span class="hidden-xs maxwidth200 atoploginusername hideonsmartphone paddingleft">...</span> is not clickable at point (1450, 26). Other element would receive the click: <div>...</div>
  (Session info: chrome=128.0.6613.138)
Build info: version: '4.22.0', revision: 'c5f3146703*'
System info: os.name: 'Windows 11', os.arch: 'amd64', os.version: '10.0', java.version: '17.0.10'
Driver info: org.openqa.selenium.chrome.ChromeDriver
Command: [3dc2541129a128bdd0f053a993a849cb, clickElement {id=f.64390DC570D045E7D26EF9673C8313F3.d.ED18904C16160E02F5D6BF18CF107BD7.e.883}]
Capabilities {acceptInsecureCerts: false, browserName: chrome, browserVersion: 128.0.6613.138, chrome: {chromedriverVersion: 128.0.6613.137 (fe621c5aa2d..., userDataDir: C:\Users\Admin\AppData\Loca...}, fedcm:accounts: true, goog:chromeOptions: {debuggerAddress: localhost:58795}, networkConnectionEnabled: false, pageLoadStrategy: normal, platformName: windows, proxy: Proxy(), se:cdp: ws://localhost:58795/devtoo..., se:cdpVersion: 128.0.6613.138, setWindowRect: true, strictFileInteractability: false, timeouts: {implicit: 0, pageLoad: 300000, script: 30000}, unhandledPromptBehavior: dismiss and notify, webauthn:extension:credBlob: true, webauthn:extension:largeBlob: true, webauthn:extension:minPinLength: true, webauthn:extension:prf: true, webauthn:virtualAuthenticators: true}
Element: [[ChromeDriver: chrome on windows (3dc2541129a128bdd0f053a993a849cb)] -> xpath: //span[@class='hidden-xs maxwidth200 atoploginusername hideonsmartphone paddingleft']]
Session ID: 3dc2541129a128bdd0f053a993a849cb]]>
            </message>
            <full-stacktrace>
              <![CDATA[org.openqa.selenium.ElementClickInterceptedException: element click intercepted: Element <span class="hidden-xs maxwidth200 atoploginusername hideonsmartphone paddingleft">...</span> is not clickable at point (1450, 26). Other element would receive the click: <div>...</div>
  (Session info: chrome=128.0.6613.138)
Build info: version: '4.22.0', revision: 'c5f3146703*'
System info: os.name: 'Windows 11', os.arch: 'amd64', os.version: '10.0', java.version: '17.0.10'
Driver info: org.openqa.selenium.chrome.ChromeDriver
Command: [3dc2541129a128bdd0f053a993a849cb, clickElement {id=f.64390DC570D045E7D26EF9673C8313F3.d.ED18904C16160E02F5D6BF18CF107BD7.e.883}]
Capabilities {acceptInsecureCerts: false, browserName: chrome, browserVersion: 128.0.6613.138, chrome: {chromedriverVersion: 128.0.6613.137 (fe621c5aa2d..., userDataDir: C:\Users\Admin\AppData\Loca...}, fedcm:accounts: true, goog:chromeOptions: {debuggerAddress: localhost:58795}, networkConnectionEnabled: false, pageLoadStrategy: normal, platformName: windows, proxy: Proxy(), se:cdp: ws://localhost:58795/devtoo..., se:cdpVersion: 128.0.6613.138, setWindowRect: true, strictFileInteractability: false, timeouts: {implicit: 0, pageLoad: 300000, script: 30000}, unhandledPromptBehavior: dismiss and notify, webauthn:extension:credBlob: true, webauthn:extension:largeBlob: true, webauthn:extension:minPinLength: true, webauthn:extension:prf: true, webauthn:virtualAuthenticators: true}
Element: [[ChromeDriver: chrome on windows (3dc2541129a128bdd0f053a993a849cb)] -> xpath: //span[@class='hidden-xs maxwidth200 atoploginusername hideonsmartphone paddingleft']]
Session ID: 3dc2541129a128bdd0f053a993a849cb
at java.base/jdk.internal.reflect.NativeConstructorAccessorImpl.newInstance0(Native Method)
at java.base/jdk.internal.reflect.NativeConstructorAccessorImpl.newInstance(NativeConstructorAccessorImpl.java:77)
at java.base/jdk.internal.reflect.DelegatingConstructorAccessorImpl.newInstance(DelegatingConstructorAccessorImpl.java:45)
at java.base/java.lang.reflect.Constructor.newInstanceWithCaller(Constructor.java:499)
at java.base/java.lang.reflect.Constructor.newInstance(Constructor.java:480)
at org.openqa.selenium.remote.ErrorCodec.decode(ErrorCodec.java:167)
at org.openqa.selenium.remote.codec.w3c.W3CHttpResponseCodec.decode(W3CHttpResponseCodec.java:138)
at org.openqa.selenium.remote.codec.w3c.W3CHttpResponseCodec.decode(W3CHttpResponseCodec.java:50)
at org.openqa.selenium.remote.HttpCommandExecutor.execute(HttpCommandExecutor.java:190)
at org.openqa.selenium.remote.service.DriverCommandExecutor.invokeExecute(DriverCommandExecutor.java:216)
at org.openqa.selenium.remote.service.DriverCommandExecutor.execute(DriverCommandExecutor.java:174)
at org.openqa.selenium.remote.RemoteWebDriver.execute(RemoteWebDriver.java:518)
at org.openqa.selenium.remote.RemoteWebElement.execute(RemoteWebElement.java:223)
at org.openqa.selenium.remote.RemoteWebElement.click(RemoteWebElement.java:76)
at jdk.internal.reflect.GeneratedMethodAccessor1.invoke(Unknown Source)
at java.base/jdk.internal.reflect.DelegatingMethodAccessorImpl.invoke(DelegatingMethodAccessorImpl.java:43)
at java.base/java.lang.reflect.Method.invoke(Method.java:568)
at org.openqa.selenium.support.pagefactory.internal.LocatingElementHandler.invoke(LocatingElementHandler.java:51)
at jdk.proxy2/jdk.proxy2.$Proxy19.click(Unknown Source)
at com.pabb.staarcms.objectrepository.HomePage.setLogOut(HomePage.java:107)
at com.pabb.staarcms.genericutility.BaseClass.afterMethod(BaseClass.java:88)
at java.base/jdk.internal.reflect.NativeMethodAccessorImpl.invoke0(Native Method)
at java.base/jdk.internal.reflect.NativeMethodAccessorImpl.invoke(NativeMethodAccessorImpl.java:77)
at java.base/jdk.internal.reflect.DelegatingMethodAccessorImpl.invoke(DelegatingMethodAccessorImpl.java:43)
at java.base/java.lang.reflect.Method.invoke(Method.java:568)
at org.testng.internal.invokers.MethodInvocationHelper.invokeMethod(MethodInvocationHelper.java:139)
at org.testng.internal.invokers.MethodInvocationHelper.invokeMethodConsideringTimeout(MethodInvocationHelper.java:69)
at org.testng.internal.invokers.ConfigInvoker.invokeConfigurationMethod(ConfigInvoker.java:361)
at org.testng.internal.invokers.ConfigInvoker.invokeConfigurations(ConfigInvoker.java:296)
at org.testng.internal.invokers.TestInvoker.runConfigMethods(TestInvoker.java:823)
at org.testng.internal.invokers.TestInvoker.runAfterConfigurations(TestInvoker.java:792)
at org.testng.internal.invokers.TestInvoker.invokeMethod(TestInvoker.java:768)
at org.testng.internal.invokers.TestInvoker.invokeTestMethod(TestInvoker.java:221)
at org.testng.internal.invokers.MethodRunner.runInSequence(MethodRunner.java:50)
at org.testng.internal.invokers.TestInvoker$MethodInvocationAgent.invoke(TestInvoker.java:969)
at org.testng.internal.invokers.TestInvoker.invokeTestMethods(TestInvoker.java:194)
at org.testng.internal.invokers.TestMethodWorker.invokeTestMethods(TestMethodWorker.java:148)
at org.testng.internal.invokers.TestMethodWorker.run(TestMethodWorker.java:128)
at java.base/java.util.ArrayList.forEach(ArrayList.java:1511)
at org.testng.TestRunner.privateRun(TestRunner.java:829)
at org.testng.TestRunner.run(TestRunner.java:602)
at org.testng.SuiteRunner.runTest(SuiteRunner.java:437)
at org.testng.SuiteRunner.runSequentially(SuiteRunner.java:431)
at org.testng.SuiteRunner.privateRun(SuiteRunner.java:391)
at org.testng.SuiteRunner.run(SuiteRunner.java:330)
at org.testng.SuiteRunnerWorker.runSuite(SuiteRunnerWorker.java:52)
at org.testng.SuiteRunnerWorker.run(SuiteRunnerWorker.java:95)
at org.testng.TestNG.runSuitesSequentially(TestNG.java:1256)
at org.testng.TestNG.runSuitesLocally(TestNG.java:1176)
at org.testng.TestNG.runSuites(TestNG.java:1099)
at org.testng.TestNG.run(TestNG.java:1067)
at org.testng.remote.AbstractRemoteTestNG.run(AbstractRemoteTestNG.java:115)
at org.testng.remote.RemoteTestNG.initAndRun(RemoteTestNG.java:293)
at org.testng.remote.RemoteTestNG.main(RemoteTestNG.java:91)
]]>
            </full-stacktrace>
          </exception> <!-- org.openqa.selenium.ElementClickInterceptedException -->
          <reporter-output>
            <line>
              <![CDATA[= logout =]]>
            </line>
          </reporter-output>
        </test-method> <!-- afterMethod -->
        <test-method is-config="true" signature="afterClass()[pri:0, instance:com.pabb.staarcms.servicestest.CreateShipmentAndModifyTest@2cf3d63b]" started-at="2024-09-23T15:33:50 IST" name="afterClass" finished-at="2024-09-23T15:33:50 IST" duration-ms="0" status="SKIP">
          <reporter-output>
          </reporter-output>
        </test-method> <!-- afterClass -->
      </class> <!-- com.pabb.staarcms.servicestest.CreateShipmentAndModifyTest -->
      <class name="com.pabb.staarcms.thirdpartytest.ModifyThirdPartyTest">
        <test-method is-config="true" signature="beforeSuite()[pri:0, instance:com.pabb.staarcms.thirdpartytest.ModifyThirdPartyTest@1530c739]" started-at="2024-09-23T15:32:52 IST" name="beforeSuite" finished-at="2024-09-23T15:32:52 IST" duration-ms="8" status="PASS">
          <reporter-output>
            <line>
              <![CDATA[=== Connect to DB and Report Config ===]]>
            </line>
          </reporter-output>
        </test-method> <!-- beforeSuite -->
        <test-method is-config="true" signature="beforeClass()[pri:0, instance:com.pabb.staarcms.thirdpartytest.ModifyThirdPartyTest@1530c739]" started-at="2024-09-23T15:32:52 IST" name="beforeClass" finished-at="2024-09-23T15:32:56 IST" duration-ms="3985" status="PASS">
          <reporter-output>
          </reporter-output>
        </test-method> <!-- beforeClass -->
        <test-method is-config="true" signature="beforeMethod()[pri:0, instance:com.pabb.staarcms.thirdpartytest.ModifyThirdPartyTest@1530c739]" started-at="2024-09-23T15:32:56 IST" name="beforeMethod" finished-at="2024-09-23T15:32:57 IST" duration-ms="1059" status="PASS">
          <reporter-output>
            <line>
              <![CDATA[= login =]]>
            </line>
          </reporter-output>
        </test-method> <!-- beforeMethod -->
        <test-method signature="modifyThirdPartyTest()[pri:0, instance:com.pabb.staarcms.thirdpartytest.ModifyThirdPartyTest@1530c739]" started-at="2024-09-23T15:32:57 IST" name="modifyThirdPartyTest" finished-at="2024-09-23T15:33:03 IST" duration-ms="6229" status="PASS">
          <reporter-output>
          </reporter-output>
        </test-method> <!-- modifyThirdPartyTest -->
        <test-method is-config="true" signature="afterMethod()[pri:0, instance:com.pabb.staarcms.thirdpartytest.ModifyThirdPartyTest@1530c739]" started-at="2024-09-23T15:33:03 IST" name="afterMethod" finished-at="2024-09-23T15:33:04 IST" duration-ms="658" status="PASS">
          <reporter-output>
            <line>
              <![CDATA[= logout =]]>
            </line>
          </reporter-output>
        </test-method> <!-- afterMethod -->
        <test-method is-config="true" signature="afterClass()[pri:0, instance:com.pabb.staarcms.thirdpartytest.ModifyThirdPartyTest@1530c739]" started-at="2024-09-23T15:33:04 IST" name="afterClass" finished-at="2024-09-23T15:33:04 IST" duration-ms="494" status="PASS">
          <reporter-output>
            <line>
              <![CDATA[=== Close Browser ===]]>
            </line>
          </reporter-output>
        </test-method> <!-- afterClass -->
        <test-method is-config="true" signature="afterSuite()[pri:0, instance:com.pabb.staarcms.thirdpartytest.ModifyThirdPartyTest@1530c739]" started-at="2024-09-23T15:34:49 IST" name="afterSuite" finished-at="2024-09-23T15:34:49 IST" duration-ms="0" status="PASS">
          <reporter-output>
            <line>
              <![CDATA[=== Close DB Connection and Report BackUp ===]]>
            </line>
          </reporter-output>
        </test-method> <!-- afterSuite -->
      </class> <!-- com.pabb.staarcms.thirdpartytest.ModifyThirdPartyTest -->
      <class name="com.pabb.staarcms.thirdpartytest.CreateThirdPartyAsCustomerSmokeTest">
        <test-method is-config="true" signature="beforeClass()[pri:0, instance:com.pabb.staarcms.thirdpartytest.CreateThirdPartyAsCustomerSmokeTest@7674f035]" started-at="2024-09-23T15:33:50 IST" name="beforeClass" finished-at="2024-09-23T15:33:54 IST" duration-ms="3645" status="PASS">
          <reporter-output>
          </reporter-output>
        </test-method> <!-- beforeClass -->
        <test-method is-config="true" signature="beforeMethod()[pri:0, instance:com.pabb.staarcms.thirdpartytest.CreateThirdPartyAsCustomerSmokeTest@7674f035]" started-at="2024-09-23T15:33:54 IST" name="beforeMethod" finished-at="2024-09-23T15:33:55 IST" duration-ms="1353" status="PASS">
          <reporter-output>
            <line>
              <![CDATA[= login =]]>
            </line>
          </reporter-output>
        </test-method> <!-- beforeMethod -->
        <test-method signature="createThirdPartyWithMandatoryFieldsTest()[pri:0, instance:com.pabb.staarcms.thirdpartytest.CreateThirdPartyAsCustomerSmokeTest@7674f035]" started-at="2024-09-23T15:33:55 IST" name="createThirdPartyWithMandatoryFieldsTest" finished-at="2024-09-23T15:33:58 IST" duration-ms="3316" status="PASS">
          <reporter-output>
          </reporter-output>
        </test-method> <!-- createThirdPartyWithMandatoryFieldsTest -->
        <test-method is-config="true" signature="afterMethod()[pri:0, instance:com.pabb.staarcms.thirdpartytest.CreateThirdPartyAsCustomerSmokeTest@7674f035]" started-at="2024-09-23T15:33:58 IST" name="afterMethod" finished-at="2024-09-23T15:33:59 IST" duration-ms="496" status="PASS">
          <reporter-output>
            <line>
              <![CDATA[= logout =]]>
            </line>
          </reporter-output>
        </test-method> <!-- afterMethod -->
        <test-method is-config="true" signature="afterClass()[pri:0, instance:com.pabb.staarcms.thirdpartytest.CreateThirdPartyAsCustomerSmokeTest@7674f035]" started-at="2024-09-23T15:33:59 IST" name="afterClass" finished-at="2024-09-23T15:33:59 IST" duration-ms="482" status="PASS">
          <reporter-output>
            <line>
              <![CDATA[=== Close Browser ===]]>
            </line>
          </reporter-output>
        </test-method> <!-- afterClass -->
      </class> <!-- com.pabb.staarcms.thirdpartytest.CreateThirdPartyAsCustomerSmokeTest -->
      <class name="com.pabb.staarcms.commercetest.CreateProposalAndRejectTest">
        <test-method is-config="true" signature="beforeClass()[pri:0, instance:com.pabb.staarcms.commercetest.CreateProposalAndRejectTest@470734c3]" started-at="2024-09-23T15:33:04 IST" name="beforeClass" finished-at="2024-09-23T15:33:08 IST" duration-ms="3166" status="PASS">
          <reporter-output>
          </reporter-output>
        </test-method> <!-- beforeClass -->
        <test-method is-config="true" signature="beforeMethod()[pri:0, instance:com.pabb.staarcms.commercetest.CreateProposalAndRejectTest@470734c3]" started-at="2024-09-23T15:33:08 IST" name="beforeMethod" finished-at="2024-09-23T15:33:09 IST" duration-ms="1470" status="PASS">
          <reporter-output>
            <line>
              <![CDATA[= login =]]>
            </line>
          </reporter-output>
        </test-method> <!-- beforeMethod -->
        <test-method signature="createProposalAndReject()[pri:0, instance:com.pabb.staarcms.commercetest.CreateProposalAndRejectTest@470734c3]" started-at="2024-09-23T15:33:09 IST" name="createProposalAndReject" finished-at="2024-09-23T15:33:20 IST" duration-ms="11008" status="PASS">
          <reporter-output>
          </reporter-output>
        </test-method> <!-- createProposalAndReject -->
        <test-method is-config="true" signature="afterMethod()[pri:0, instance:com.pabb.staarcms.commercetest.CreateProposalAndRejectTest@470734c3]" started-at="2024-09-23T15:33:20 IST" name="afterMethod" finished-at="2024-09-23T15:33:21 IST" duration-ms="570" status="PASS">
          <reporter-output>
            <line>
              <![CDATA[= logout =]]>
            </line>
          </reporter-output>
        </test-method> <!-- afterMethod -->
        <test-method is-config="true" signature="afterClass()[pri:0, instance:com.pabb.staarcms.commercetest.CreateProposalAndRejectTest@470734c3]" started-at="2024-09-23T15:33:21 IST" name="afterClass" finished-at="2024-09-23T15:33:21 IST" duration-ms="464" status="PASS">
          <reporter-output>
            <line>
              <![CDATA[=== Close Browser ===]]>
            </line>
          </reporter-output>
        </test-method> <!-- afterClass -->
      </class> <!-- com.pabb.staarcms.commercetest.CreateProposalAndRejectTest -->
      <class name="com.pabb.staarcms.commercetest.CreateSalesOrderAndValidateTest">
        <test-method is-config="true" signature="beforeClass()[pri:0, instance:com.pabb.staarcms.commercetest.CreateSalesOrderAndValidateTest@74ea2410]" started-at="2024-09-23T15:34:32 IST" name="beforeClass" finished-at="2024-09-23T15:34:35 IST" duration-ms="3285" status="PASS">
          <reporter-output>
          </reporter-output>
        </test-method> <!-- beforeClass -->
        <test-method is-config="true" signature="beforeMethod()[pri:0, instance:com.pabb.staarcms.commercetest.CreateSalesOrderAndValidateTest@74ea2410]" started-at="2024-09-23T15:34:35 IST" name="beforeMethod" finished-at="2024-09-23T15:34:36 IST" duration-ms="1037" status="PASS">
          <reporter-output>
            <line>
              <![CDATA[= login =]]>
            </line>
          </reporter-output>
        </test-method> <!-- beforeMethod -->
        <test-method signature="createSalesOrderAndValidate()[pri:0, instance:com.pabb.staarcms.commercetest.CreateSalesOrderAndValidateTest@74ea2410]" started-at="2024-09-23T15:34:36 IST" name="createSalesOrderAndValidate" finished-at="2024-09-23T15:34:48 IST" duration-ms="11343" status="PASS">
          <reporter-output>
          </reporter-output>
        </test-method> <!-- createSalesOrderAndValidate -->
        <test-method is-config="true" signature="afterMethod()[pri:0, instance:com.pabb.staarcms.commercetest.CreateSalesOrderAndValidateTest@74ea2410]" started-at="2024-09-23T15:34:48 IST" name="afterMethod" finished-at="2024-09-23T15:34:48 IST" duration-ms="664" status="PASS">
          <reporter-output>
            <line>
              <![CDATA[= logout =]]>
            </line>
          </reporter-output>
        </test-method> <!-- afterMethod -->
        <test-method is-config="true" signature="afterClass()[pri:0, instance:com.pabb.staarcms.commercetest.CreateSalesOrderAndValidateTest@74ea2410]" started-at="2024-09-23T15:34:48 IST" name="afterClass" finished-at="2024-09-23T15:34:49 IST" duration-ms="486" status="PASS">
          <reporter-output>
            <line>
              <![CDATA[=== Close Browser ===]]>
            </line>
          </reporter-output>
        </test-method> <!-- afterClass -->
      </class> <!-- com.pabb.staarcms.commercetest.CreateSalesOrderAndValidateTest -->
    </test> <!-- Test -->
  </suite> <!-- Suite -->
</testng-results>
